[16:14:41.068] [INFO] Storybook Upgrade - v10.0.3
[16:14:41.116] [INFO] detect-projects-spinner-start: Detecting projects...
[16:14:41.117] [DEBUG] Finding Storybook projects...
[16:14:41.296] [DEBUG] Found 1 Storybook projects
[16:14:41.297] [INFO] detect-projects-spinner: Detecting projects: 1 projects
[16:14:41.298] [DEBUG] Getting Storybook data...
[16:14:41.298] [DEBUG] Getting Storybook info...
[16:14:41.304] [DEBUG] Loading main config...
[16:14:41.668] [DEBUG] Getting stories paths...
[16:14:41.689] [DEBUG] Getting package manager...
[16:14:42.086] [DEBUG] Getting Storybook version...
[16:14:42.087] [DEBUG] F:/WORK/OFFICE WORK/HJ REAL ESTATES/swift-ui/.storybook - Validating before version... 10.0.3
[16:14:42.087] [DEBUG] F:/WORK/OFFICE WORK/HJ REAL ESTATES/swift-ui/.storybook - Validating upgrade compatibility...
[16:14:42.087] [DEBUG] F:/WORK/OFFICE WORK/HJ REAL ESTATES/swift-ui/.storybook - Fetching NPM version information...
[16:14:42.087] [DEBUG] Getting CLI versions from NPM for storybook...
[16:14:42.094] [DEBUG] Getting CLI versions from NPM for storybook@next...
[16:14:43.035] [DEBUG] F:/WORK/OFFICE WORK/HJ REAL ESTATES/swift-ui/.storybook - Evaluating blockers...
[16:14:43.051] [DEBUG] Getting installed version for @storybook/experimental-addon-test...
[16:14:43.435] [DEBUG] Getting installed version for vitest...
[16:14:43.833] [INFO] detect-projects-spinner-stop: 1 project detected
[16:14:43.834] [DEBUG] Found 1 valid projects and 0 error projects
[16:14:43.834] [INFO] Upgrading from 10.0.3 to 10.0.3
[16:14:43.867] [INFO] upgrade-dependencies-task-start: Fetching versions to update package.json files..
[16:14:43.867] [DEBUG] Updating dependencies in F:/WORK/OFFICE WORK/HJ REAL ESTATES/swift-ui/.storybook...
[16:14:43.901] [INFO] upgrade-dependencies-task: F:/WORK/OFFICE WORK/HJ REAL ESTATES/swift-ui/package.json
[16:14:43.902] [DEBUG] Getting CLI versions from NPM for @chromatic-com/storybook...
[16:14:44.859] [DEBUG] {
  "upgradedDependencies": []
}
[16:14:44.859] [DEBUG] {
  "upgradedDevDependencies": [
    "@storybook/addon-docs@^10.0.3",
    "@storybook/addon-onboarding@^10.0.3",
    "@storybook/react@^10.0.3",
    "@storybook/react-vite@^10.0.3",
    "eslint-plugin-storybook@^10.0.3",
    "storybook@^10.0.3",
    "@chromatic-com/storybook@^4.1.2"
  ]
}
[16:14:44.859] [DEBUG] {
  "upgradedPeerDependencies": []
}
[16:14:44.861] [DEBUG] Getting CLI versions from NPM for @storybook/addon-docs...
[16:14:45.716] [DEBUG] Getting CLI versions from NPM for @storybook/addon-onboarding...
[16:14:46.712] [DEBUG] Getting CLI versions from NPM for @storybook/react...
[16:14:47.836] [DEBUG] Getting CLI versions from NPM for @storybook/react-vite...
[16:14:48.673] [DEBUG] Getting CLI versions from NPM for eslint-plugin-storybook...
[16:14:49.437] [DEBUG] Using cached version for storybook...
[16:14:49.437] [DEBUG] Using cached version for @chromatic-com/storybook...
[16:14:49.439] [INFO] upgrade-dependencies-task-success: Updated package versions in package.json files
[16:14:49.439] [INFO] detect-automigrations-task-start: Detecting automigrations...
[16:14:49.440] [DEBUG] Starting automigration collection across 1 projects and 18 fixes...
[16:14:49.475] [INFO] detect-automigrations-task: Checking automigrations for F:/WORK/OFFICE WORK/HJ REAL
ESTATES/swift-ui/.storybook...
[16:14:49.476] [DEBUG] Processing project: F:/WORK/OFFICE WORK/HJ REAL ESTATES/swift-ui/.storybook
[16:14:49.476] [DEBUG] Checking fix eslintPlugin for project F:/WORK/OFFICE WORK/HJ REAL ESTATES/swift-ui/.storybook...
[16:14:49.477] [DEBUG] Checking fix addon-mdx-gfm-remove for project F:/WORK/OFFICE WORK/HJ REAL ESTATES/swift-ui/.storybook...
[16:14:49.477] [DEBUG] Checking fix addon-storysource-code-panel for project F:/WORK/OFFICE WORK/HJ REAL ESTATES/swift-ui/.storybook...
[16:14:49.477] [DEBUG] Checking fix upgrade-storybook-related-dependencies for project F:/WORK/OFFICE WORK/HJ REAL ESTATES/swift-ui/.storybook...
[16:14:49.477] [DEBUG] Checking for incompatible storybook packages...
[16:14:49.480] [DEBUG] Getting installed version for @storybook/addon-actions...
[16:14:49.486] [DEBUG] Getting installed version for @storybook/addon-essentials...
[16:14:49.492] [DEBUG] Getting installed version for @storybook/blocks...
[16:14:49.499] [DEBUG] Using cached installed version for @storybook/experimental-addon-test...
[16:14:49.499] [DEBUG] Getting installed version for @storybook/test...
[16:14:49.506] [DEBUG] Getting CLI versions from NPM for @storybook/experimental-addon-test...
[16:14:50.017] [DEBUG] Getting CLI versions from NPM for @storybook/addon-actions...
[16:14:50.025] [DEBUG] Getting CLI versions from NPM for @storybook/blocks...
[16:14:50.033] [DEBUG] Getting CLI versions from NPM for @storybook/addon-essentials...
[16:14:50.041] [DEBUG] Getting CLI versions from NPM for @storybook/test...
[16:14:52.463] [DEBUG] Checking fix initial-globals for project F:/WORK/OFFICE WORK/HJ REAL ESTATES/swift-ui/.storybook...
[16:14:52.477] [DEBUG] Checking fix addon-globals-api for project F:/WORK/OFFICE WORK/HJ REAL ESTATES/swift-ui/.storybook...
[16:14:52.480] [DEBUG] Checking fix addon-a11y-addon-test for project F:/WORK/OFFICE WORK/HJ REAL ESTATES/swift-ui/.storybook...
[16:14:52.480] [DEBUG] Checking fix consolidated-imports for project F:/WORK/OFFICE WORK/HJ REAL ESTATES/swift-ui/.storybook...
[16:14:52.480] [DEBUG] Checking fix addon-experimental-test for project F:/WORK/OFFICE WORK/HJ REAL ESTATES/swift-ui/.storybook...
[16:14:52.481] [DEBUG] Using cached installed version for @storybook/experimental-addon-test...
[16:14:53.126] [DEBUG] Failed to check fix addon-experimental-test for project F:/WORK/OFFICE WORK/HJ REAL ESTATES/swift-ui/.storybook.
[16:14:53.127] [DEBUG] Error: EPERM: operation not permitted, scandir 'F:\System Volume Information'
    at Object.readdirSync (node:fs:1583:26)
    at readdirWithFileTypes (file:///C:/Users/majhi/AppData/Local/npm-cache/_npx/2c20ffb7a11a1b23/node_modules/@storybook/cli/dist/_node-chunks/chunk-55CRLKZY.js:4018:35)
    at Object.read (file:///C:/Users/majhi/AppData/Local/npm-cache/_npx/2c20ffb7a11a1b23/node_modules/@storybook/cli/dist/_node-chunks/chunk-55CRLKZY.js:4011:16)
    at SyncReader.scandirSync [as _scandir] (file:///C:/Users/majhi/AppData/Local/npm-cache/_npx/2c20ffb7a11a1b23/node_modules/@storybook/cli/dist/_node-chunks/chunk-55CRLKZY.js:4141:19)
    at SyncReader._handleDirectory (file:///C:/Users/majhi/AppData/Local/npm-cache/_npx/2c20ffb7a11a1b23/node_modules/@storybook/cli/dist/_node-chunks/chunk-55CRLKZY.js:4752:32)
    at SyncReader._handleQueue (file:///C:/Users/majhi/AppData/Local/npm-cache/_npx/2c20ffb7a11a1b23/node_modules/@storybook/cli/dist/_node-chunks/chunk-55CRLKZY.js:4747:16)
    at SyncReader.read (file:///C:/Users/majhi/AppData/Local/npm-cache/_npx/2c20ffb7a11a1b23/node_modules/@storybook/cli/dist/_node-chunks/chunk-55CRLKZY.js:4739:14)
    at SyncProvider.read (file:///C:/Users/majhi/AppData/Local/npm-cache/_npx/2c20ffb7a11a1b23/node_modules/@storybook/cli/dist/_node-chunks/chunk-55CRLKZY.js:4802:29)
    at ReaderSync.walkSync [as _walkSync] (file:///C:/Users/majhi/AppData/Local/npm-cache/_npx/2c20ffb7a11a1b23/node_modules/@storybook/cli/dist/_node-chunks/chunk-55CRLKZY.js:4867:23)
    at ReaderSync.dynamic (file:///C:/Users/majhi/AppData/Local/npm-cache/_npx/2c20ffb7a11a1b23/node_modules/@storybook/cli/dist/_node-chunks/chunk-55CRLKZY.js:5488:21)
[16:14:53.127] [DEBUG] Checking fix rnstorybook-config for project F:/WORK/OFFICE WORK/HJ REAL ESTATES/swift-ui/.storybook...
[16:14:53.127] [DEBUG] Checking fix migrate-addon-console for project F:/WORK/OFFICE WORK/HJ REAL ESTATES/swift-ui/.storybook...
[16:14:53.128] [DEBUG] Checking fix remove-addon-interactions for project F:/WORK/OFFICE WORK/HJ REAL ESTATES/swift-ui/.storybook...
[16:14:53.128] [DEBUG] Checking fix renderer-to-framework for project F:/WORK/OFFICE WORK/HJ REAL ESTATES/swift-ui/.storybook...
[16:14:53.129] [DEBUG] Checking fix remove-essential-addons for project F:/WORK/OFFICE WORK/HJ REAL ESTATES/swift-ui/.storybook...
[16:14:53.129] [DEBUG] Checking fix addon-a11y-parameters for project F:/WORK/OFFICE WORK/HJ REAL ESTATES/swift-ui/.storybook...
[16:14:53.129] [DEBUG] Checking fix remove-docs-autodocs for project F:/WORK/OFFICE WORK/HJ REAL ESTATES/swift-ui/.storybook...
[16:14:53.136] [DEBUG] Checking fix wrap-getAbsolutePath for project F:/WORK/OFFICE WORK/HJ REAL ESTATES/swift-ui/.storybook...
[16:14:53.141] [DEBUG] Checking fix fix-faux-esm-require for project F:/WORK/OFFICE WORK/HJ REAL ESTATES/swift-ui/.storybook...
[16:14:53.172] [INFO] detect-automigrations-task: 
Automigrations detected:
[16:14:53.211] [INFO] detect-automigrations-task: ✔ consolidated-imports
[16:14:53.244] [INFO] detect-automigrations-task: ✔ renderer-to-framework
[16:14:53.280] [INFO] detect-automigrations-task: ✔ remove-essential-addons
[16:14:53.318] [INFO] detect-automigrations-task: ✕ addon-experimental-test
[16:14:53.318] [ERROR] detect-automigrations-task-error: 1 automigration check failed
[16:15:43.549] [PROMPT] Select automigrations to run {"choice":["renderer-to-framework","remove-essential-addons"]}
[16:15:43.549] [INFO] automigrate-F:/WORK/OFFICE WORK/HJ REAL ESTATES/swift-ui/.storybook-task-start: Running automigrations for F:/WORK/OFFICE WORK/HJ REAL ESTATES/swift-ui/.storybook
[16:15:43.550] [DEBUG] 
Migrating @storybook/react to @storybook/react-vite
[16:15:43.573] [DEBUG] Updating package.json files...
[16:15:43.646] [INFO] automigrate-F:/WORK/OFFICE WORK/HJ REAL ESTATES/swift-ui/.storybook-task: ✔ renderer-to-framework
[16:15:43.653] [DEBUG] Uninstalling @storybook/addon-essentials
[16:15:43.654] [DEBUG] Removing '@storybook/addon-essentials' from main.js addons field.
[16:15:43.667] [DEBUG] Uninstalling @storybook/addon-actions
[16:15:43.681] [DEBUG] Getting Storybook info...
[16:15:43.682] [DEBUG] Loading main config...
[16:15:43.685] [DEBUG] Getting stories paths...
[16:15:43.685] [DEBUG] Getting package manager...
[16:15:43.693] [DEBUG] Getting Storybook version...
[16:15:43.732] [INFO] automigrate-F:/WORK/OFFICE WORK/HJ REAL ESTATES/swift-ui/.storybook-task: Verifying @storybook/addon-docs
[16:15:43.768] [INFO] automigrate-F:/WORK/OFFICE WORK/HJ REAL ESTATES/swift-ui/.storybook-task: Installing @storybook/addon-docs@^10.0.3
[16:15:43.769] [DEBUG] Using cached version for @storybook/addon-docs...
[16:15:43.804] [INFO] automigrate-F:/WORK/OFFICE WORK/HJ REAL ESTATES/swift-ui/.storybook-task: Adding '@storybook/addon-docs' to the "addons" field in F:\WORK\OFFICE WORK\HJ
REAL ESTATES\swift-ui\.storybook\main.ts
[16:15:43.926] [INFO] automigrate-F:/WORK/OFFICE WORK/HJ REAL ESTATES/swift-ui/.storybook-task: ✔ remove-essential-addons
[16:15:43.926] [INFO] automigrate-F:/WORK/OFFICE WORK/HJ REAL ESTATES/swift-ui/.storybook-task-success: Completed automigrations for F:/WORK/OFFICE WORK/HJ REAL ESTATES/swift-ui/.storybook
[16:15:43.927] [INFO] Installing dependencies...
[16:15:43.927] [INFO] install-dependencies-task-start: Installing dependencies...
[16:15:44.392] [INFO] Progress: resolved 0, reused 1, downloaded 0, added 0
[16:15:44.462] [INFO] install-dependencies-task: Progress: resolved 0, reused 1, downloaded 0, added 0
[16:15:45.416] [INFO] Progress: resolved 541, reused 506, downloaded 0, added 0
[16:15:45.465] [INFO] install-dependencies-task: Progress: resolved 541, reused 506, downloaded 0, added 0
[16:15:46.416] [INFO] Progress: resolved 895, reused 811, downloaded 0, added 0
[16:15:46.450] [INFO] install-dependencies-task: Progress: resolved 895, reused 811, downloaded 0, added 0
[16:15:47.421] [INFO] Progress: resolved 949, reused 865, downloaded 0, added 0
[16:15:47.457] [INFO] install-dependencies-task: Progress: resolved 949, reused 865, downloaded 0, added 0
[16:15:47.503] [INFO] WARN  1 deprecated subdependencies found: stable@0.1.8
[16:15:47.541] [INFO] install-dependencies-task: WARN  1 deprecated subdependencies found: stable@0.1.8
[16:15:47.541] [INFO] Packages: +1
+
[16:15:47.575] [INFO] install-dependencies-task: Packages: +1
+
[16:15:47.610] [INFO] Progress: resolved 950, reused 866, downloaded 0, added 1, done
[16:15:47.647] [INFO] install-dependencies-task: Progress: resolved 950, reused 866, downloaded 0, added 1, done
[16:15:47.887] [INFO] WARN  Issues with peer dependencies found
.
├─┬ @storybook/blocks 8.6.14
│ └── ✕ unmet peer storybook@^8.6.14: found 10.0.3
├─┬ @storybook/experimental-addon-test 8.6.14
│ ├── ✕ unmet peer storybook@^8.6.14: found 10.0.3
│ └─┬ @storybook/test 8.6.14
│   ├── ✕ unmet peer storybook@^8.6.14: found 10.0.3
│   └─┬ @storybook/instrumenter 8.6.14
│     └── ✕ unmet peer storybook@^8.6.14: found 10.0.3
└─┬ react-day-picker 8.10.1
  ├── ✕ unmet peer date-fns@"^2.28.0 || ^3.0.0": found 4.1.0
  └── ✕ unmet peer react@"^16.8.0 || ^17.0.0 || ^18.0.0": found 19.2.0
[16:15:47.932] [INFO] install-dependencies-task: WARN  Issues with peer dependencies found
.
├─┬ @storybook/blocks 8.6.14
│ └── ✕ unmet peer storybook@^8.6.14: found 10.0.3
├─┬ @storybook/experimental-addon-test 8.6.14
│ ├── ✕ unmet peer storybook@^8.6.14: found 10.0.3
│ └─┬ @storybook/test 8.6.14
│   ├── ✕ unmet peer storybook@^8.6.14: found 10.0.3
│   └─┬ @storybook/instrumenter 8.6.14
│     └── ✕ unmet peer storybook@^8.6.14: found 10.0.3
└─┬ react-day-picker 8.10.1
├── ✕ unmet peer date-fns@"^2.28.0 || ^3.0.0": found 4.1.0
└── ✕ unmet peer react@"^16.8.0 || ^17.0.0 || ^18.0.0": found 19.2.0
[16:15:47.933] [INFO] devDependencies:
+ @storybook/blocks 8.6.14
+ @storybook/test 8.6.14

╭ Warning ─────────────────────────────────────────────────────────────────────╮
│                                                                              │
│   Ignored build scripts: simple-git-hooks.                                   │
│   Run "pnpm approve-builds" to pick which dependencies should be allowed     │
│   to run scripts.                                                            │
│                                                                              │
╰──────────────────────────────────────────────────────────────────────────────╯

Done in 3.9s using pnpm v10.17.0
[16:15:47.977] [INFO] install-dependencies-task: devDependencies:
+ @storybook/blocks 8.6.14
+ @storybook/test 8.6.14

╭ Warning ─────────────────────────────────────────────────────────────────────╮
│                                                                              │
│   Ignored build scripts: simple-git-hooks.                                   │
│   Run "pnpm approve-builds" to pick which dependencies should be allowed     │
│   to run scripts.                                                            │
│                                                                              │
╰──────────────────────────────────────────────────────────────────────────────╯

Done in 3.9s using pnpm v10.17.0
[16:15:47.978] [INFO] Dependencies installed
[16:15:47.978] [INFO] install-dependencies-task-success: Dependencies installed
[16:15:47.979] [INFO] Checking the health of your project(s)..
[16:15:48.450] [WARN] F:/WORK/OFFICE WORK/HJ REAL ESTATES/swift-ui/.storybook: 1 issue found
[16:15:48.485] [INFO] You are currently using Storybook 10.0.3 but you have packages which are incompatible with it:

- @storybook/blocks@8.6.14 which depends on ^8.6.14
 Repo: https://github.com/storybookjs/storybook/tree/next/code/lib/blocks
- @storybook/experimental-addon-test@8.6.14 which depends on 8.6.14
 Repo: https://github.com/storybookjs/storybook/tree/next/code/addons/test
- @storybook/test@8.6.14 which depends on 8.6.14
 Repo: https://github.com/storybookjs/storybook/tree/next/code/lib/test

Please consider updating your packages or contacting the maintainers for compatibility details.

For more on Storybook 9 compatibility, see the linked GitHub issue:
https://github.com/storybookjs/storybook/issues/30944
[16:15:48.485] [INFO] Incompatible Packages
[16:15:48.522] [INFO] You are currently using Storybook 10.0.3 but you have packages which are incompatible with it:

- @storybook/blocks@8.6.14 which depends on ^8.6.14
 Repo: https://github.com/storybookjs/storybook/tree/next/code/lib/blocks
- @storybook/experimental-addon-test@8.6.14 which depends on 8.6.14
 Repo: https://github.com/storybookjs/storybook/tree/next/code/addons/test
- @storybook/test@8.6.14 which depends on 8.6.14
 Repo: https://github.com/storybookjs/storybook/tree/next/code/lib/test

Please consider updating your packages or contacting the maintainers for compatibility details.

For more on Storybook 9 compatibility, see the linked GitHub issue:
https://github.com/storybookjs/storybook/issues/30944
[16:15:48.559] [INFO] Storybook doctor is complete!
[16:15:48.596] [INFO] You can always recheck the health of your project(s) by running:
npx storybook doctor
[16:15:48.639] [INFO] The upgrade is complete, but some projects failed to upgrade or migrate completely. Please see the debug logs for more details.
[16:15:48.676] [INFO] Failed to upgrade:
Some automigrations failed, please check the logs in the log file for more details.
  • F:/WORK/OFFICE WORK/HJ REAL ESTATES/swift-ui/.storybook
[16:15:48.816] [INFO] If you want to learn more about the automigrations that executed in your project(s), please check the following links:

• addon-experimental-test
• renderer-to-framework
• remove-essential-addons
[16:15:48.849] [INFO] For a full list of changes, please check our migration guide: https://storybook.js.org/docs/releases/migration-guide?ref=upgrade